2025/07/04 17:07:17 [2025-07-04 17:07:17] [::1]:56823 - GET /ws
2025/07/04 17:12:17 [2025-07-04 17:12:17] [::1]:56932 - GET /health
2025/07/04 17:12:17 Client IP: [::1]:56932
2025/07/04 17:12:17 Method: GET
2025/07/04 17:12:17 RemoteAddr (raw): [::1]:56932
2025/07/04 17:17:17 [2025-07-04 17:17:17] [::1]:56997 - GET /health
2025/07/04 17:17:17 Client IP: [::1]:56997
2025/07/04 17:17:17 Method: GET
2025/07/04 17:17:17 RemoteAddr (raw): [::1]:56997
2025/07/04 17:26:29 [2025-07-04 17:26:29] [::1]:57502 - GET /ws
2025/07/05 18:58:50 [2025-07-05 18:58:50] [::1]:55000 - GET /createProfile
2025/07/05 18:58:51 [2025-07-05 18:58:51] [::1]:55002 - GET /createProfile
2025/07/05 18:58:51 [2025-07-05 18:58:51] [::1]:55003 - GET /createProfile
2025/07/05 18:58:52 [2025-07-05 18:58:52] [::1]:55008 - GET /createProfile
2025/07/05 18:58:53 [2025-07-05 18:58:53] [::1]:55011 - GET /createProfile
2025/07/05 18:58:53 [2025-07-05 18:58:53] [::1]:55012 - GET /createProfile
2025/07/05 18:58:54 [2025-07-05 18:58:54] [::1]:55015 - GET /createProfile
2025/07/05 18:58:54 [2025-07-05 18:58:54] [::1]:55016 - GET /createProfile
2025/07/05 18:58:55 [2025-07-05 18:58:55] [::1]:55020 - GET /createProfile
2025/07/05 18:58:56 [2025-07-05 18:58:56] [::1]:55025 - GET /createProfile
2025/07/05 18:58:56 [2025-07-05 18:58:56] [::1]:55026 - GET /createProfile
2025/07/05 18:58:56 [2025-07-05 18:58:56] [::1]:55027 - GET /createProfile
2025/07/05 18:58:57 [2025-07-05 18:58:57] [::1]:55028 - GET /createProfile
2025/07/05 18:58:57 [2025-07-05 18:58:57] [::1]:55033 - GET /createProfile
2025/07/05 18:58:58 [2025-07-05 18:58:58] [::1]:55037 - GET /createProfile
2025/07/05 18:58:59 [2025-07-05 18:58:59] [::1]:55038 - GET /createProfile
2025/07/05 18:58:59 [2025-07-05 18:58:59] [::1]:55039 - GET /createProfile
2025/07/05 18:58:59 [2025-07-05 18:58:59] [::1]:55041 - GET /createProfile
2025/07/05 18:59:01 [2025-07-05 18:59:01] [::1]:55048 - GET /createProfile
2025/07/05 18:59:12 [2025-07-05 18:59:12] [::1]:55060 - GET /createProfile
2025/07/05 18:59:17 [2025-07-05 18:59:17] [::1]:55064 - GET /createProfile
2025/07/05 18:59:18 [2025-07-05 18:59:18] [::1]:55067 - GET /createProfile
2025/07/05 18:59:18 [2025-07-05 18:59:18] [::1]:55068 - GET /createProfile
2025/07/05 18:59:19 [2025-07-05 18:59:19] [::1]:55070 - GET /createProfile
2025/07/05 18:59:19 [2025-07-05 18:59:19] [::1]:55071 - GET /createProfile
2025/07/05 18:59:19 [2025-07-05 18:59:19] [::1]:55072 - GET /createProfile
2025/07/05 18:59:20 [2025-07-05 18:59:20] [::1]:55074 - GET /createProfile
2025/07/05 18:59:21 [2025-07-05 18:59:21] [::1]:55081 - GET /createProfile
2025/07/05 18:59:22 [2025-07-05 18:59:22] [::1]:55083 - GET /createProfile
2025/07/05 18:59:22 [2025-07-05 18:59:22] [::1]:55084 - GET /createProfile
2025/07/05 18:59:23 [2025-07-05 18:59:23] [::1]:55088 - GET /createProfile
2025/07/05 18:59:23 [2025-07-05 18:59:23] [::1]:55090 - GET /createProfile
2025/07/05 18:59:24 [2025-07-05 18:59:24] [::1]:55091 - GET /createProfile
2025/07/05 18:59:24 [2025-07-05 18:59:24] [::1]:55093 - GET /createProfile
2025/07/05 18:59:25 [2025-07-05 18:59:25] [::1]:55100 - GET /createProfile
2025/07/05 18:59:26 [2025-07-05 18:59:26] [::1]:55102 - GET /createProfile
2025/07/05 18:59:26 [2025-07-05 18:59:26] [::1]:55103 - GET /createProfile
2025/07/05 18:59:27 [2025-07-05 18:59:27] [::1]:55108 - GET /createProfile
2025/07/05 18:59:27 [2025-07-05 18:59:27] [::1]:55109 - GET /createProfile
2025/07/05 18:59:27 [2025-07-05 18:59:27] [::1]:55110 - GET /createProfile
2025/07/05 18:59:28 [2025-07-05 18:59:28] [::1]:55113 - GET /createProfile
2025/07/05 18:59:29 [2025-07-05 18:59:29] [::1]:55114 - GET /createProfile
2025/07/05 18:59:30 [2025-07-05 18:59:30] [::1]:55118 - GET /createProfile
2025/07/05 18:59:30 [2025-07-05 18:59:30] [::1]:55119 - GET /createProfile
2025/07/05 18:59:30 [2025-07-05 18:59:30] [::1]:55120 - GET /createProfile
2025/07/05 18:59:31 [2025-07-05 18:59:31] [::1]:55124 - GET /createProfile
2025/07/05 18:59:31 [2025-07-05 18:59:31] [::1]:55125 - GET /createProfile
2025/07/05 18:59:33 [2025-07-05 18:59:33] [::1]:55130 - GET /createProfile
2025/07/05 18:59:33 [2025-07-05 18:59:33] [::1]:55131 - GET /createProfile
2025/07/05 18:59:33 [2025-07-05 18:59:33] [::1]:55135 - GET /createProfile
2025/07/05 18:59:33 [2025-07-05 18:59:33] [::1]:55136 - GET /createProfile
2025/07/05 18:59:34 [2025-07-05 18:59:34] [::1]:55138 - GET /createProfile
2025/07/05 18:59:34 [2025-07-05 18:59:34] [::1]:55139 - GET /createProfile
2025/07/05 18:59:34 [2025-07-05 18:59:34] [::1]:55141 - GET /createProfile
2025/07/05 18:59:35 [2025-07-05 18:59:35] [::1]:55143 - GET /createProfile
2025/07/05 18:59:35 [2025-07-05 18:59:35] [::1]:55145 - GET /createProfile
2025/07/05 18:59:35 [2025-07-05 18:59:35] [::1]:55146 - GET /createProfile
2025/07/05 18:59:39 [2025-07-05 18:59:39] [::1]:55157 - GET /createProfile
